<?xml version="1.0" encoding="UTF-8"?>
<testng-results ignored="0" total="1" passed="1" failed="0" skipped="0">
  <reporter-output>
  </reporter-output>
  <suite started-at="2022-12-06T09:40:16 IST" name="Default suite" finished-at="2022-12-06T09:40:20 IST" duration-ms="4110">
    <groups>
    </groups>
    <test started-at="2022-12-06T09:40:16 IST" name="Default test" finished-at="2022-12-06T09:40:20 IST" duration-ms="4110">
      <class name="RestAssured.RestAssured.GetBooking">
        <test-method signature="getBookingTest()[pri:0, instance:RestAssured.RestAssured.GetBooking@48075da3]" started-at="2022-12-06T09:40:16 IST" name="getBookingTest" finished-at="2022-12-06T09:40:20 IST" duration-ms="3985" status="PASS">
          <reporter-output>
          </reporter-output>
        </test-method> <!-- getBookingTest -->
      </class> <!-- RestAssured.RestAssured.GetBooking -->
    </test> <!-- Default test -->
  </suite> <!-- Default suite -->
</testng-results>
