<?xml version="1.0" encoding="UTF-8"?>
<testng-results ignored="0" total="1" passed="1" failed="0" skipped="0">
  <reporter-output>
  </reporter-output>
  <suite started-at="2022-12-12T19:34:04 IST" name="Default suite" finished-at="2022-12-12T19:34:06 IST" duration-ms="2030">
    <groups>
    </groups>
    <test started-at="2022-12-12T19:34:04 IST" name="Default test" finished-at="2022-12-12T19:34:06 IST" duration-ms="2030">
      <class name="RestAssuredRahulShetty.ComplexJsonParse">
        <test-method signature="complexParse()[pri:0, instance:RestAssuredRahulShetty.ComplexJsonParse@7a35b0f5]" started-at="2022-12-12T19:34:04 IST" name="complexParse" finished-at="2022-12-12T19:34:06 IST" duration-ms="1888" status="PASS">
          <reporter-output>
          </reporter-output>
        </test-method> <!-- complexParse -->
      </class> <!-- RestAssuredRahulShetty.ComplexJsonParse -->
    </test> <!-- Default test -->
  </suite> <!-- Default suite -->
</testng-results>
