<?xml version="1.0" encoding="UTF-8"?>
<testng-results ignored="0" total="1" passed="1" failed="0" skipped="0">
  <reporter-output>
  </reporter-output>
  <suite started-at="2022-12-06T16:02:40 IST" name="Default suite" finished-at="2022-12-06T16:02:46 IST" duration-ms="5728">
    <groups>
    </groups>
    <test started-at="2022-12-06T16:02:40 IST" name="Default test" finished-at="2022-12-06T16:02:46 IST" duration-ms="5728">
      <class name="RestAssured.RestAssured.PostRequest.PartialUpdateBooking">
        <test-method signature="partialUpdate()[pri:0, instance:RestAssured.RestAssured.PostRequest.PartialUpdateBooking@353352b6]" started-at="2022-12-06T16:02:40 IST" name="partialUpdate" finished-at="2022-12-06T16:02:46 IST" duration-ms="5595" status="PASS">
          <reporter-output>
          </reporter-output>
        </test-method> <!-- partialUpdate -->
      </class> <!-- RestAssured.RestAssured.PostRequest.PartialUpdateBooking -->
    </test> <!-- Default test -->
  </suite> <!-- Default suite -->
</testng-results>
