<?xml version="1.0" encoding="UTF-8"?>
<testng-results ignored="0" total="1" passed="1" failed="0" skipped="0">
  <reporter-output>
  </reporter-output>
  <suite started-at="2022-12-06T20:07:04 IST" name="Default suite" finished-at="2022-12-06T20:07:10 IST" duration-ms="6396">
    <groups>
    </groups>
    <test started-at="2022-12-06T20:07:04 IST" name="Default test" finished-at="2022-12-06T20:07:10 IST" duration-ms="6396">
      <class name="RestAssured.RestAssured.PostRequest.DeleteRequest">
        <test-method is-config="true" signature="setUp()[pri:0, instance:RestAssured.RestAssured.PostRequest.DeleteRequest@514646ef]" started-at="2022-12-06T20:07:04 IST" name="setUp" finished-at="2022-12-06T20:07:04 IST" duration-ms="559" status="PASS">
          <reporter-output>
          </reporter-output>
        </test-method> <!-- setUp -->
        <test-method signature="deleteRequest()[pri:0, instance:RestAssured.RestAssured.PostRequest.DeleteRequest@514646ef]" started-at="2022-12-06T20:07:04 IST" name="deleteRequest" finished-at="2022-12-06T20:07:10 IST" duration-ms="5712" status="PASS">
          <reporter-output>
          </reporter-output>
        </test-method> <!-- deleteRequest -->
      </class> <!-- RestAssured.RestAssured.PostRequest.DeleteRequest -->
    </test> <!-- Default test -->
  </suite> <!-- Default suite -->
</testng-results>
