<?xml version="1.0" encoding="UTF-8"?>
<testng-results ignored="0" total="1" passed="1" failed="0" skipped="0">
  <reporter-output>
  </reporter-output>
  <suite started-at="2022-12-06T10:45:48 IST" name="Default suite" finished-at="2022-12-06T10:45:51 IST" duration-ms="3053">
    <groups>
    </groups>
    <test started-at="2022-12-06T10:45:48 IST" name="Default test" finished-at="2022-12-06T10:45:51 IST" duration-ms="3053">
      <class name="RestAssured.RestAssured.PostRequest">
        <test-method signature="createBookingId()[pri:0, instance:RestAssured.RestAssured.PostRequest@7a35b0f5]" started-at="2022-12-06T10:45:48 IST" name="createBookingId" finished-at="2022-12-06T10:45:51 IST" duration-ms="2933" status="PASS">
          <reporter-output>
          </reporter-output>
        </test-method> <!-- createBookingId -->
      </class> <!-- RestAssured.RestAssured.PostRequest -->
    </test> <!-- Default test -->
  </suite> <!-- Default suite -->
</testng-results>
