<?xml version="1.0" encoding="UTF-8"?>
<testng-results ignored="0" total="1" passed="1" failed="0" skipped="0">
  <reporter-output>
  </reporter-output>
  <suite started-at="2022-12-06T11:08:54 IST" name="Default suite" finished-at="2022-12-06T11:08:58 IST" duration-ms="3874">
    <groups>
    </groups>
    <test started-at="2022-12-06T11:08:54 IST" name="Default test" finished-at="2022-12-06T11:08:58 IST" duration-ms="3874">
      <class name="RestAssured.RestAssured.PostRequest.CreateBookingTests">
        <test-method signature="createBookingTest()[pri:0, instance:RestAssured.RestAssured.PostRequest.CreateBookingTests@353352b6]" started-at="2022-12-06T11:08:54 IST" name="createBookingTest" finished-at="2022-12-06T11:08:58 IST" duration-ms="3747" status="PASS">
          <reporter-output>
          </reporter-output>
        </test-method> <!-- createBookingTest -->
      </class> <!-- RestAssured.RestAssured.PostRequest.CreateBookingTests -->
    </test> <!-- Default test -->
  </suite> <!-- Default suite -->
</testng-results>
